<?xml version="1.0" encoding="UTF-8"?>
<!-- Generated by org.testng.reporters.JUnitXMLReporter -->
<testsuite ignored="2" hostname="LAPTOP-715O052C" failures="1" tests="1" name="Test(failed)" time="0.051" errors="0" timestamp="2022-11-01T14:29:33 IST">
  <testcase classname="Test_ng_program.B2" name="TC5" time="0.01">
    <failure type="java.lang.AssertionError" message="null">
      <![CDATA[java.lang.AssertionError: null
at Test_ng_program.B2.TC5(B2.java:15)
at java.base/java.util.ArrayList.forEach(ArrayList.java:1511)
... Removed 29 stack frames]]>
    </failure>
  </testcase> <!-- TC5 -->
  <testcase classname="Test_ng_program.B2" name="TC6" time="0.0">
    <ignored/>
  </testcase> <!-- TC6 -->
  <testcase classname="Test_ng_program.B2" name="TC4" time="0.0">
    <ignored/>
  </testcase> <!-- TC4 -->
</testsuite> <!-- Test(failed) -->
