<?xml version="1.0" encoding="UTF-8"?>
<testng-results ignored="0" total="1" passed="1" failed="0" skipped="0">
  <reporter-output>
    <line>
      <![CDATA[running VerifyText]]>
    </line>
    <line>
      <![CDATA[logout from app]]>
    </line>
    <line>
      <![CDATA[close the browser]]>
    </line>
  </reporter-output>
  <suite started-at="2022-11-14T22:19:19 IST" name="Default suite" finished-at="2022-11-14T22:19:38 IST" duration-ms="18432">
    <groups>
    </groups>
    <test started-at="2022-11-14T22:19:19 IST" name="Default test" finished-at="2022-11-14T22:19:38 IST" duration-ms="18432">
      <class name="Pagefactory_using_Testng.Test">
        <test-method is-config="true" signature="openBrowser()[pri:0, instance:Pagefactory_using_Testng.Test@7b9a4292]" started-at="2022-11-14T22:19:19 IST" name="openBrowser" finished-at="2022-11-14T22:19:34 IST" duration-ms="14564" status="PASS">
          <reporter-output>
          </reporter-output>
        </test-method> <!-- openBrowser -->
        <test-method is-config="true" signature="openApp()[pri:0, instance:Pagefactory_using_Testng.Test@7b9a4292]" started-at="2022-11-14T22:19:34 IST" name="openApp" finished-at="2022-11-14T22:19:34 IST" duration-ms="164" status="PASS">
          <reporter-output>
          </reporter-output>
        </test-method> <!-- openApp -->
        <test-method signature="verifyText()[pri:0, instance:Pagefactory_using_Testng.Test@7b9a4292]" started-at="2022-11-14T22:19:34 IST" name="verifyText" finished-at="2022-11-14T22:19:38 IST" duration-ms="3673" status="PASS">
          <reporter-output>
            <line>
              <![CDATA[running VerifyText]]>
            </line>
          </reporter-output>
        </test-method> <!-- verifyText -->
        <test-method is-config="true" signature="closeApp()[pri:0, instance:Pagefactory_using_Testng.Test@7b9a4292]" started-at="2022-11-14T22:19:38 IST" name="closeApp" finished-at="2022-11-14T22:19:38 IST" duration-ms="1" status="PASS">
          <reporter-output>
            <line>
              <![CDATA[logout from app]]>
            </line>
          </reporter-output>
        </test-method> <!-- closeApp -->
        <test-method is-config="true" signature="closeBrow()[pri:0, instance:Pagefactory_using_Testng.Test@7b9a4292]" started-at="2022-11-14T22:19:38 IST" name="closeBrow" finished-at="2022-11-14T22:19:38 IST" duration-ms="0" status="PASS">
          <reporter-output>
            <line>
              <![CDATA[close the browser]]>
            </line>
          </reporter-output>
        </test-method> <!-- closeBrow -->
      </class> <!-- Pagefactory_using_Testng.Test -->
    </test> <!-- Default test -->
  </suite> <!-- Default suite -->
</testng-results>
